Flow report for vgacam
Sat Nov 22 20:26:10 2014
Quartus II 32-bit Version 12.0 Build 178 05/31/2012 SJ Web Edition


---------------------
; Table of Contents ;
---------------------
  1. Legal Notice
  2. Flow Summary
  3. Flow Settings
  4. Flow Non-Default Global Settings
  5. Flow Elapsed Time
  6. Flow OS Summary
  7. Flow Log



----------------
; Legal Notice ;
----------------
Copyright (C) 1991-2012 Altera Corporation
Your use of Altera Corporation's design tools, logic functions 
and other software and tools, and its AMPP partner logic 
functions, and any output files from any of the foregoing 
(including device programming or simulation files), and any 
associated documentation or information are expressly subject 
to the terms and conditions of the Altera Program License 
Subscription Agreement, Altera MegaCore Function License 
Agreement, or other applicable license agreement, including, 
without limitation, that your use is for the sole purpose of 
programming logic devices manufactured by Altera and sold by 
Altera or its authorized distributors.  Please refer to the 
applicable agreement for further details.



+-------------------------------------------------------------------------------+
; Flow Summary                                                                  ;
+------------------------------------+------------------------------------------+
; Flow Status                        ; Successful - Sat Nov 22 20:26:10 2014    ;
; Quartus II 32-bit Version          ; 12.0 Build 178 05/31/2012 SJ Web Edition ;
; Revision Name                      ; vgacam                                   ;
; Top-level Entity Name              ; vgacam                                   ;
; Family                             ; Cyclone III                              ;
; Device                             ; EP3C5E144C8                              ;
; Timing Models                      ; Final                                    ;
; Total logic elements               ; 3,416 / 5,136 ( 67 % )                   ;
;     Total combinational functions  ; 3,403 / 5,136 ( 66 % )                   ;
;     Dedicated logic registers      ; 59 / 5,136 ( 1 % )                       ;
; Total registers                    ; 59                                       ;
; Total pins                         ; 40 / 95 ( 42 % )                         ;
; Total virtual pins                 ; 0                                        ;
; Total memory bits                  ; 0 / 423,936 ( 0 % )                      ;
; Embedded Multiplier 9-bit elements ; 0 / 46 ( 0 % )                           ;
; Total PLLs                         ; 1 / 2 ( 50 % )                           ;
+------------------------------------+------------------------------------------+


+-----------------------------------------+
; Flow Settings                           ;
+-------------------+---------------------+
; Option            ; Setting             ;
+-------------------+---------------------+
; Start date & time ; 11/22/2014 20:24:48 ;
; Main task         ; Compilation         ;
; Revision Name     ; vgacam              ;
+-------------------+---------------------+


+----------------------------------------------------------------------------------------------------------------------+
; Flow Non-Default Global Settings                                                                                     ;
+-------------------------------------+---------------------------------+---------------+-------------+----------------+
; Assignment Name                     ; Value                           ; Default Value ; Entity Name ; Section Id     ;
+-------------------------------------+---------------------------------+---------------+-------------+----------------+
; COMPILER_SIGNATURE_ID               ; 31264775087816.141671668711108  ; --            ; --          ; --             ;
; EDA_OUTPUT_DATA_FORMAT              ; Systemverilog Hdl               ; --            ; --          ; eda_simulation ;
; EDA_SIMULATION_TOOL                 ; ModelSim-Altera (SystemVerilog) ; <None>        ; --          ; --             ;
; IP_TOOL_NAME                        ; ALTPLL                          ; --            ; --          ; --             ;
; IP_TOOL_VERSION                     ; 12.0                            ; --            ; --          ; --             ;
; MAX_CORE_JUNCTION_TEMP              ; 85                              ; --            ; --          ; --             ;
; MIN_CORE_JUNCTION_TEMP              ; 0                               ; --            ; --          ; --             ;
; MISC_FILE                           ; pll_inst.v                      ; --            ; --          ; --             ;
; MISC_FILE                           ; pll_bb.v                        ; --            ; --          ; --             ;
; MISC_FILE                           ; pll.ppf                         ; --            ; --          ; --             ;
; OUTPUT_IO_TIMING_FAR_END_VMEAS      ; Half Signal Swing               ; --            ; --          ; --             ;
; OUTPUT_IO_TIMING_FAR_END_VMEAS      ; Half Signal Swing               ; --            ; --          ; --             ;
; OUTPUT_IO_TIMING_NEAR_END_VMEAS     ; Half Vccio                      ; --            ; --          ; --             ;
; OUTPUT_IO_TIMING_NEAR_END_VMEAS     ; Half Vccio                      ; --            ; --          ; --             ;
; PARTITION_COLOR                     ; 16764057                        ; --            ; --          ; Top            ;
; PARTITION_FITTER_PRESERVATION_LEVEL ; PLACEMENT_AND_ROUTING           ; --            ; --          ; Top            ;
; PARTITION_NETLIST_TYPE              ; SOURCE                          ; --            ; --          ; Top            ;
+-------------------------------------+---------------------------------+---------------+-------------+----------------+


+-------------------------------------------------------------------------------------------------------------------------------+
; Flow Elapsed Time                                                                                                             ;
+---------------------------+--------------+-------------------------+---------------------+------------------------------------+
; Module Name               ; Elapsed Time ; Average Processors Used ; Peak Virtual Memory ; Total CPU Time (on all processors) ;
+---------------------------+--------------+-------------------------+---------------------+------------------------------------+
; Analysis & Synthesis      ; 00:00:12     ; 1.0                     ; 347 MB              ; 00:00:10                           ;
; Fitter                    ; 00:00:38     ; 3.1                     ; 553 MB              ; 00:00:45                           ;
; Assembler                 ; 00:00:03     ; 1.0                     ; 321 MB              ; 00:00:02                           ;
; TimeQuest Timing Analyzer ; 00:00:13     ; 1.0                     ; 372 MB              ; 00:00:08                           ;
; EDA Netlist Writer        ; 00:00:10     ; 1.0                     ; 309 MB              ; 00:00:06                           ;
; Total                     ; 00:01:16     ; --                      ; --                  ; 00:01:11                           ;
+---------------------------+--------------+-------------------------+---------------------+------------------------------------+


+----------------------------------------------------------------------------------------+
; Flow OS Summary                                                                        ;
+---------------------------+------------------+-----------+------------+----------------+
; Module Name               ; Machine Hostname ; OS Name   ; OS Version ; Processor type ;
+---------------------------+------------------+-----------+------------+----------------+
; Analysis & Synthesis      ; IvyBridge        ; Windows 7 ; 6.1        ; x86_64         ;
; Fitter                    ; IvyBridge        ; Windows 7 ; 6.1        ; x86_64         ;
; Assembler                 ; IvyBridge        ; Windows 7 ; 6.1        ; x86_64         ;
; TimeQuest Timing Analyzer ; IvyBridge        ; Windows 7 ; 6.1        ; x86_64         ;
; EDA Netlist Writer        ; IvyBridge        ; Windows 7 ; 6.1        ; x86_64         ;
+---------------------------+------------------+-----------+------------+----------------+


------------
; Flow Log ;
------------
quartus_map --read_settings_files=on --write_settings_files=off vgacam -c vgacam
quartus_fit --read_settings_files=off --write_settings_files=off vgacam -c vgacam
quartus_asm --read_settings_files=off --write_settings_files=off vgacam -c vgacam
quartus_sta vgacam -c vgacam
quartus_eda --read_settings_files=off --write_settings_files=off vgacam -c vgacam



