EDA Netlist Writer report for vgacam
Sun Nov 30 16:09:18 2014
Quartus II 64-Bit Version 11.0 Build 157 04/27/2011 SJ Full Version


---------------------
; Table of Contents ;
---------------------
  1. Legal Notice
  2. EDA Netlist Writer Summary
  3. Simulation Settings
  4. Simulation Generated Files
  5. EDA Netlist Writer Messages



----------------
; Legal Notice ;
----------------
Copyright (C) 1991-2011 Altera Corporation
Your use of Altera Corporation's design tools, logic functions 
and other software and tools, and its AMPP partner logic 
functions, and any output files from any of the foregoing 
(including device programming or simulation files), and any 
associated documentation or information are expressly subject 
to the terms and conditions of the Altera Program License 
Subscription Agreement, Altera MegaCore Function License 
Agreement, or other applicable license agreement, including, 
without limitation, that your use is for the sole purpose of 
programming logic devices manufactured by Altera and sold by 
Altera or its authorized distributors.  Please refer to the 
applicable agreement for further details.



+-------------------------------------------------------------------+
; EDA Netlist Writer Summary                                        ;
+---------------------------+---------------------------------------+
; EDA Netlist Writer Status ; Successful - Sun Nov 30 16:09:18 2014 ;
; Revision Name             ; vgacam                                ;
; Top-level Entity Name     ; vgacam                                ;
; Family                    ; Cyclone III                           ;
; Simulation Files Creation ; Successful                            ;
+---------------------------+---------------------------------------+


+-------------------------------------------------------------------------------------------------------------------------------------+
; Simulation Settings                                                                                                                 ;
+---------------------------------------------------------------------------------------------------+---------------------------------+
; Option                                                                                            ; Setting                         ;
+---------------------------------------------------------------------------------------------------+---------------------------------+
; Tool Name                                                                                         ; ModelSim-Altera (SystemVerilog) ;
; Generate netlist for functional simulation only                                                   ; Off                             ;
; Time scale                                                                                        ; 1 ps                            ;
; Truncate long hierarchy paths                                                                     ; Off                             ;
; Map illegal HDL characters                                                                        ; Off                             ;
; Flatten buses into individual nodes                                                               ; Off                             ;
; Maintain hierarchy                                                                                ; Off                             ;
; Bring out device-wide set/reset signals as ports                                                  ; Off                             ;
; Enable glitch filtering                                                                           ; Off                             ;
; Do not write top level VHDL entity                                                                ; Off                             ;
; Disable detection of setup and hold time violations in the input registers of bi-directional pins ; Off                             ;
; Architecture name in VHDL output netlist                                                          ; structure                       ;
; Generate third-party EDA tool command script for RTL functional simulation                        ; Off                             ;
; Generate third-party EDA tool command script for gate-level simulation                            ; Off                             ;
+---------------------------------------------------------------------------------------------------+---------------------------------+


+-----------------------------------------------------------------------------------------------+
; Simulation Generated Files                                                                    ;
+-----------------------------------------------------------------------------------------------+
; Generated Files                                                                               ;
+-----------------------------------------------------------------------------------------------+
; H:/microps_final_project/microps/lab7/vga/simulation/modelsim/vgacam_8_1200mv_85c_slow.svo    ;
; H:/microps_final_project/microps/lab7/vga/simulation/modelsim/vgacam_8_1200mv_0c_slow.svo     ;
; H:/microps_final_project/microps/lab7/vga/simulation/modelsim/vgacam_min_1200mv_0c_fast.svo   ;
; H:/microps_final_project/microps/lab7/vga/simulation/modelsim/vgacam.svo                      ;
; H:/microps_final_project/microps/lab7/vga/simulation/modelsim/vgacam_8_1200mv_85c_v_slow.sdo  ;
; H:/microps_final_project/microps/lab7/vga/simulation/modelsim/vgacam_8_1200mv_0c_v_slow.sdo   ;
; H:/microps_final_project/microps/lab7/vga/simulation/modelsim/vgacam_min_1200mv_0c_v_fast.sdo ;
; H:/microps_final_project/microps/lab7/vga/simulation/modelsim/vgacam_v.sdo                    ;
+-----------------------------------------------------------------------------------------------+


+-----------------------------+
; EDA Netlist Writer Messages ;
+-----------------------------+
Info: *******************************************************************
Info: Running Quartus II 64-Bit EDA Netlist Writer
    Info: Version 11.0 Build 157 04/27/2011 SJ Full Version
    Info: Processing started: Sun Nov 30 16:09:14 2014
Info: Command: quartus_eda --read_settings_files=off --write_settings_files=off vgacam -c vgacam
Info: Generated simulation netlist will be non-hierarchical because the design has SignalTap II partitions, termination control logic and/or a design partition that contains bidirectional ports
Info: Generated file vgacam_8_1200mv_85c_slow.svo in folder "H:/microps_final_project/microps/lab7/vga/simulation/modelsim/" for EDA simulation tool
Info: Generated file vgacam_8_1200mv_0c_slow.svo in folder "H:/microps_final_project/microps/lab7/vga/simulation/modelsim/" for EDA simulation tool
Info: Generated file vgacam_min_1200mv_0c_fast.svo in folder "H:/microps_final_project/microps/lab7/vga/simulation/modelsim/" for EDA simulation tool
Info: Generated file vgacam.svo in folder "H:/microps_final_project/microps/lab7/vga/simulation/modelsim/" for EDA simulation tool
Info: Generated file vgacam_8_1200mv_85c_v_slow.sdo in folder "H:/microps_final_project/microps/lab7/vga/simulation/modelsim/" for EDA simulation tool
Info: Generated file vgacam_8_1200mv_0c_v_slow.sdo in folder "H:/microps_final_project/microps/lab7/vga/simulation/modelsim/" for EDA simulation tool
Info: Generated file vgacam_min_1200mv_0c_v_fast.sdo in folder "H:/microps_final_project/microps/lab7/vga/simulation/modelsim/" for EDA simulation tool
Info: Generated file vgacam_v.sdo in folder "H:/microps_final_project/microps/lab7/vga/simulation/modelsim/" for EDA simulation tool
Info: Quartus II 64-Bit EDA Netlist Writer was successful. 0 errors, 0 warnings
    Info: Peak virtual memory: 294 megabytes
    Info: Processing ended: Sun Nov 30 16:09:18 2014
    Info: Elapsed time: 00:00:04
    Info: Total CPU time (on all processors): 00:00:02


